  Animation.cpp
C:\Users\Stinn\Documents\GitHub\SeshExamC-PlusPLus\SESH++\LittleRedundantVampire\src\Animation.cpp(15,43): warning C4244: '=': conversion from 'float' to 'T', possible loss of data
          with
          [
              T=int
          ]
C:\Users\Stinn\Documents\GitHub\SeshExamC-PlusPLus\SESH++\LittleRedundantVampire\src\Animation.cpp(16,44): warning C4244: '=': conversion from 'float' to 'T', possible loss of data
          with
          [
              T=int
          ]
  GameWorld.cpp
  Player.cpp
C:\Users\Stinn\Documents\GitHub\SeshExamC-PlusPLus\SESH++\LittleRedundantVampire\src\Player.cpp(14,74): warning C4244: 'argument': conversion from 'T' to 'T', possible loss of data
          with
          [
              T=unsigned int
          ]
          and
          [
              T=float
          ]
C:\Users\Stinn\Documents\GitHub\SeshExamC-PlusPLus\SESH++\LittleRedundantVampire\src\Player.cpp(14,48): warning C4244: 'argument': conversion from 'T' to 'T', possible loss of data
          with
          [
              T=unsigned int
          ]
          and
          [
              T=float
          ]
  Generating Code...
  LittleRedundantVampire.vcxproj -> C:\Users\Stinn\Documents\GitHub\SeshExamC-PlusPLus\SESH++\Debug\LittleRedundantVampire.exe
