c:\users\emmaj\documents\github\seshexamc-plusplus\sesh++\littleredundantvampire\debug\vc142.pdb
c:\users\emmaj\documents\github\seshexamc-plusplus\sesh++\littleredundantvampire\debug\vc142.idb
c:\users\emmaj\documents\github\seshexamc-plusplus\sesh++\littleredundantvampire\debug\gameworld.obj
c:\users\emmaj\documents\github\seshexamc-plusplus\sesh++\littleredundantvampire\debug\asset.obj
c:\users\emmaj\documents\github\seshexamc-plusplus\sesh++\littleredundantvampire\debug\gameobject.obj
c:\users\emmaj\documents\github\seshexamc-plusplus\sesh++\littleredundantvampire\debug\component.obj
c:\users\emmaj\documents\github\seshexamc-plusplus\sesh++\littleredundantvampire\debug\spriterenderer.obj
c:\users\emmaj\documents\github\seshexamc-plusplus\sesh++\littleredundantvampire\debug\animation.obj
c:\users\emmaj\documents\github\seshexamc-plusplus\sesh++\littleredundantvampire\debug\attack.obj
c:\users\emmaj\documents\github\seshexamc-plusplus\sesh++\littleredundantvampire\debug\collider.obj
c:\users\emmaj\documents\github\seshexamc-plusplus\sesh++\littleredundantvampire\debug\collisionevent.obj
c:\users\emmaj\documents\github\seshexamc-plusplus\sesh++\littleredundantvampire\debug\igameevent.obj
c:\users\emmaj\documents\github\seshexamc-plusplus\sesh++\littleredundantvampire\debug\platform.obj
c:\users\emmaj\documents\github\seshexamc-plusplus\sesh++\littleredundantvampire\debug\player.obj
c:\users\emmaj\documents\github\seshexamc-plusplus\sesh++\debug\littleredundantvampire.exe
c:\users\emmaj\documents\github\seshexamc-plusplus\sesh++\debug\littleredundantvampire.ilk
c:\users\emmaj\documents\github\seshexamc-plusplus\sesh++\debug\littleredundantvampire.pdb
c:\users\emmaj\documents\github\seshexamc-plusplus\sesh++\littleredundantvampire\debug\littlere.0ed691ab.tlog\cl.command.1.tlog
c:\users\emmaj\documents\github\seshexamc-plusplus\sesh++\littleredundantvampire\debug\littlere.0ed691ab.tlog\cl.read.1.tlog
c:\users\emmaj\documents\github\seshexamc-plusplus\sesh++\littleredundantvampire\debug\littlere.0ed691ab.tlog\cl.write.1.tlog
c:\users\emmaj\documents\github\seshexamc-plusplus\sesh++\littleredundantvampire\debug\littlere.0ed691ab.tlog\link.command.1.tlog
c:\users\emmaj\documents\github\seshexamc-plusplus\sesh++\littleredundantvampire\debug\littlere.0ed691ab.tlog\link.read.1.tlog
c:\users\emmaj\documents\github\seshexamc-plusplus\sesh++\littleredundantvampire\debug\littlere.0ed691ab.tlog\link.write.1.tlog
